<?xml version="1.0" encoding="UTF-8"?>
<!-- Generated by org.testng.reporters.JUnitReportReporter -->
<testsuite hostname="IN-4DJ9WP3" failures="0" tests="2" name="testcases.VerifyOrderCannotBePlacedWithoutSelectingTermsAndConditions" time="10.259" errors="0" timestamp="2023-09-13T23:08:31 IST" skipped="0">
  <testcase classname="testcases.VerifyOrderCannotBePlacedWithoutSelectingTermsAndConditions" name="FailingTestCase_notSelectTermsAndCondition" time="5.868"/>
  <system-out/>
  <testcase classname="testcases.VerifyOrderCannotBePlacedWithoutSelectingTermsAndConditions" name="selectTermsAndCondition" time="4.391"/>
  <system-out/>
</testsuite> <!-- testcases.VerifyOrderCannotBePlacedWithoutSelectingTermsAndConditions -->
