<?xml version="1.0" encoding="UTF-8"?>
<!-- Generated by org.testng.reporters.JUnitReportReporter -->
<testsuite hostname="IN-4DJ9WP3" failures="0" tests="2" name="testcases.VerifySearchFuntioanlityOnHomePage" time="7.938" errors="0" timestamp="2023-09-13T23:08:31 IST" skipped="0">
  <testcase classname="testcases.VerifySearchFuntioanlityOnHomePage" name="FailedTestcase_matchingSearchedProduct" time="3.927"/>
  <system-out/>
  <testcase classname="testcases.VerifySearchFuntioanlityOnHomePage" name="matchingSearchedProduct" time="4.011"/>
  <system-out/>
</testsuite> <!-- testcases.VerifySearchFuntioanlityOnHomePage -->
