<?xml version="1.0" encoding="UTF-8"?>
<!-- Generated by org.testng.reporters.JUnitReportReporter -->
<testsuite hostname="IN-4DJ9WP3" failures="0" tests="2" name="testcases.VerifyOrderType" time="9.987" errors="0" timestamp="2023-09-13T12:18:02 IST" skipped="0">
  <testcase classname="testcases.VerifyOrderType" name="VerifySingleLineOrder" time="4.075"/>
  <system-out/>
  <testcase classname="testcases.VerifyOrderType" name="VerifySingleLineMultiQtyOrder" time="5.912"/>
  <system-out/>
</testsuite> <!-- testcases.VerifyOrderType -->
