<?xml version="1.0" encoding="UTF-8"?>
<!-- Generated by org.testng.reporters.JUnitReportReporter -->
<testsuite hostname="IN-4DJ9WP3" failures="0" tests="1" name="testcases.VerifyAddToCartFuntionality" time="3.929" errors="0" timestamp="2023-09-13T23:08:31 IST" skipped="0">
  <testcase classname="testcases.VerifyAddToCartFuntionality" name="AddToCart" time="3.929"/>
  <system-out/>
</testsuite> <!-- testcases.VerifyAddToCartFuntionality -->
