<?xml version="1.0" encoding="UTF-8"?>
<!-- Generated by org.testng.reporters.JUnitReportReporter -->
<testsuite hostname="IN-4DJ9WP3" failures="0" tests="1" name="testcases.VerifyProductsAreDisplayedOnTheHomePage" time="4.846" errors="0" timestamp="2023-09-13T23:08:31 IST" skipped="0">
  <testcase classname="testcases.VerifyProductsAreDisplayedOnTheHomePage" name="imageAreDisplayedOrNot" time="4.846"/>
  <system-out/>
</testsuite> <!-- testcases.VerifyProductsAreDisplayedOnTheHomePage -->
