<?xml version="1.0" encoding="UTF-8"?>
<!-- Generated by org.testng.reporters.JUnitReportReporter -->
<testsuite hostname="IN-4DJ9WP3" failures="0" tests="1" name="testcases.VerifyUserCanNavigateToTermsAndConditionsPage" time="4.351" errors="0" timestamp="2023-09-13T23:08:31 IST" skipped="0">
  <testcase classname="testcases.VerifyUserCanNavigateToTermsAndConditionsPage" name="NavigateToTermsAndConditionsPage" time="4.351"/>
  <system-out/>
</testsuite> <!-- testcases.VerifyUserCanNavigateToTermsAndConditionsPage -->
