<?xml version="1.0" encoding="UTF-8"?>
<!-- Generated by org.testng.reporters.JUnitReportReporter -->
<testsuite hostname="IN-4DJ9WP3" failures="0" tests="1" name="testcases.VerifyProductDetailsInCheckoutPage" time="4.605" errors="0" timestamp="2023-09-13T23:08:31 IST" skipped="0">
  <testcase classname="testcases.VerifyProductDetailsInCheckoutPage" name="checkoutPage" time="4.605"/>
  <system-out/>
</testsuite> <!-- testcases.VerifyProductDetailsInCheckoutPage -->
